<?xml version="1.0" encoding="utf-8"?><testsuites name="pytest tests"><testsuite name="pytest" errors="0" failures="0" skipped="0" tests="10" time="9.014" timestamp="2026-06-05T23:03:47.186201+00:00" hostname="agent-env-06a62b95-ef49-4e21-85bb-bc742c358f5e"><testcase classname="backend.tests.test_iteration8_reimbursements.TestLoginBasics" name="test_ana_login" time="0.541" /><testcase classname="backend.tests.test_iteration8_reimbursements.TestLoginBasics" name="test_invalid_password" time="0.322" /><testcase classname="backend.tests.test_iteration8_reimbursements.TestReimbursementManual" name="test_manual_reimbursement_does_not_reduce_outstanding" time="1.566" /><testcase classname="backend.tests.test_iteration8_reimbursements.TestReimbursementLinked" name="test_linked_reimbursement_reduces_outstanding_exactly" time="1.496" /><testcase classname="backend.tests.test_iteration8_reimbursements.TestReimbursementValidations" name="test_double_link_same_tx_returns_409" time="0.890" /><testcase classname="backend.tests.test_iteration8_reimbursements.TestReimbursementValidations" name="test_cross_partner_link_returns_409" time="1.026" /><testcase classname="backend.tests.test_iteration8_reimbursements.TestReimbursementValidations" name="test_nonexistent_tx_link_returns_409" time="0.430" /><testcase classname="backend.tests.test_iteration8_reimbursements.TestDeleteTxLock" name="test_delete_pending_personal_expense_blocked_409" time="0.729" /><testcase classname="backend.tests.test_iteration8_reimbursements.TestDeleteTxLock" name="test_delete_reimbursed_personal_expense_allowed_200" time="0.757" /><testcase classname="backend.tests.test_iteration8_reimbursements.TestPortalSemantics" name="test_reimbursed_total_vs_cash_reimbursed_total" time="1.196" /></testsuite></testsuites>