<?xml version="1.0" encoding="utf-8"?><testsuites name="pytest tests"><testsuite name="pytest" errors="0" failures="0" skipped="0" tests="16" time="6.721" timestamp="2026-06-08T20:39:41.022507+00:00" hostname="agent-env-06a62b95-ef49-4e21-85bb-bc742c358f5e"><testcase classname="backend.tests.test_iteration9_partials_alerts_hub.TestLogin" name="test_basic_login" time="0.654" /><testcase classname="backend.tests.test_iteration9_partials_alerts_hub.TestPartialReimbursements" name="test_partial_300_on_1000_owed_700" time="0.414" /><testcase classname="backend.tests.test_iteration9_partials_alerts_hub.TestPartialReimbursements" name="test_three_partials_sum_to_full" time="0.612" /><testcase classname="backend.tests.test_iteration9_partials_alerts_hub.TestPartialReimbursements" name="test_partial_exceeding_returns_409" time="0.371" /><testcase classname="backend.tests.test_iteration9_partials_alerts_hub.TestPartialReimbursements" name="test_post_on_fully_reimbursed_returns_409" time="0.372" /><testcase classname="backend.tests.test_iteration9_partials_alerts_hub.TestPartialReimbursements" name="test_pending_endpoint_shape" time="0.318" /><testcase classname="backend.tests.test_iteration9_partials_alerts_hub.TestDeleteTxLockPartials" name="test_delete_with_remaining_balance_blocked" time="0.371" /><testcase classname="backend.tests.test_iteration9_partials_alerts_hub.TestDeleteTxLockPartials" name="test_delete_when_fully_reimbursed_allowed" time="0.254" /><testcase classname="backend.tests.test_iteration9_partials_alerts_hub.TestLoanAlerts" name="test_put_settings_and_reflect_in_portal" time="0.252" /><testcase classname="backend.tests.test_iteration9_partials_alerts_hub.TestLoanAlerts" name="test_alert_severities" time="1.105" /><testcase classname="backend.tests.test_iteration9_partials_alerts_hub.TestHub" name="test_create_note_and_list" time="0.186" /><testcase classname="backend.tests.test_iteration9_partials_alerts_hub.TestHub" name="test_create_credential_full_fields" time="0.180" /><testcase classname="backend.tests.test_iteration9_partials_alerts_hub.TestHub" name="test_search_q_filter" time="0.178" /><testcase classname="backend.tests.test_iteration9_partials_alerts_hub.TestHub" name="test_type_filter" time="0.329" /><testcase classname="backend.tests.test_iteration9_partials_alerts_hub.TestHub" name="test_update_and_delete" time="0.190" /><testcase classname="backend.tests.test_iteration9_partials_alerts_hub.TestHub" name="test_comments_add_and_delete_authz" time="0.839" /></testsuite></testsuites>