<?xml version="1.0" encoding="utf-8"?><testsuites name="pytest tests"><testsuite name="pytest" errors="0" failures="0" skipped="0" tests="10" time="2.834" timestamp="2026-06-08T23:24:22.189158+00:00" hostname="agent-env-06a62b95-ef49-4e21-85bb-bc742c358f5e"><testcase classname="backend.tests.test_iteration10_filters_scope_hub_counts.TestTransactionsFilters" name="test_scope_operational_returns_only_no_project" time="0.572" /><testcase classname="backend.tests.test_iteration10_filters_scope_hub_counts.TestTransactionsFilters" name="test_scope_project_returns_only_with_project" time="0.063" /><testcase classname="backend.tests.test_iteration10_filters_scope_hub_counts.TestTransactionsFilters" name="test_filter_client_id" time="0.124" /><testcase classname="backend.tests.test_iteration10_filters_scope_hub_counts.TestTransactionsFilters" name="test_filter_provider_id" time="0.127" /><testcase classname="backend.tests.test_iteration10_filters_scope_hub_counts.TestCreateOperationalExpense" name="test_create_expense_no_project_paid_company" time="0.262" /><testcase classname="backend.tests.test_iteration10_filters_scope_hub_counts.TestCreateOperationalExpense" name="test_create_income_arbitrary_category_does_not_break" time="0.119" /><testcase classname="backend.tests.test_iteration10_filters_scope_hub_counts.TestFileUpload" name="test_upload_pdf" time="0.338" /><testcase classname="backend.tests.test_iteration10_filters_scope_hub_counts.TestFileUpload" name="test_upload_jpg" time="0.331" /><testcase classname="backend.tests.test_iteration10_filters_scope_hub_counts.TestFileUpload" name="test_upload_png" time="0.307" /><testcase classname="backend.tests.test_iteration10_filters_scope_hub_counts.TestHubCounts" name="test_counts_shape_and_independence" time="0.510" /></testsuite></testsuites>