<?xml version="1.0" encoding="utf-8"?><testsuites name="pytest tests"><testsuite name="pytest" errors="0" failures="2" skipped="0" tests="14" time="0.683" timestamp="2026-06-01T21:01:34.321094+00:00" hostname="agent-env-04fa7898-71ae-45dd-84e4-d7aa3a2b4cb3"><testcase classname="backend.tests.test_iteration4.TestPartnerPortal" name="test_portal_includes_new_fields" time="0.231" /><testcase classname="backend.tests.test_iteration4.TestProjectsFilters" name="test_projects_filter_by_q" time="0.010"><failure message="AssertionError: q filter NOT applied - returned non-matching projects: ['PRUEBA', 'ANA', 'CASA BARRON', 'TEST_UI_Project']&#10;assert not ['PRUEBA', 'ANA', 'CASA BARRON', 'TEST_UI_Project']">E   AssertionError: q filter NOT applied - returned non-matching projects: ['PRUEBA', 'ANA', 'CASA BARRON', 'TEST_UI_Project']
    assert not ['PRUEBA', 'ANA', 'CASA BARRON', 'TEST_UI_Project']</failure></testcase><testcase classname="backend.tests.test_iteration4.TestProjectsFilters" name="test_projects_filter_by_client_id" time="0.015"><failure message="AssertionError: assert '576c85ec-9bb...-8a9dad2e0316' == '40141552-06f...-a88faacf3e20'&#10;  &#10;  - 40141552-06fe-4135-bb63-a88faacf3e20&#10;  + 576c85ec-9bb3-4caa-b67c-8a9dad2e0316">E   AssertionError: assert '576c85ec-9bb...-8a9dad2e0316' == '40141552-06f...-a88faacf3e20'
      
      - 40141552-06fe-4135-bb63-a88faacf3e20
      + 576c85ec-9bb3-4caa-b67c-8a9dad2e0316</failure></testcase><testcase classname="backend.tests.test_iteration4.TestProjectsFilters" name="test_projects_combine_filters" time="0.018" /><testcase classname="backend.tests.test_iteration4.TestExports" name="test_transactions_xlsx" time="0.020" /><testcase classname="backend.tests.test_iteration4.TestExports" name="test_transactions_pdf" time="0.008" /><testcase classname="backend.tests.test_iteration4.TestExports" name="test_transactions_xlsx_with_filters" time="0.014" /><testcase classname="backend.tests.test_iteration4.TestExports" name="test_projects_xlsx_with_q_and_status" time="0.015" /><testcase classname="backend.tests.test_iteration4.TestExports" name="test_projects_pdf" time="0.007" /><testcase classname="backend.tests.test_iteration4.TestExports" name="test_clients_xlsx_and_pdf" time="0.017" /><testcase classname="backend.tests.test_iteration4.TestExports" name="test_providers_xlsx_and_pdf" time="0.018" /><testcase classname="backend.tests.test_iteration4.TestExports" name="test_audit_xlsx_filtered" time="0.019" /><testcase classname="backend.tests.test_iteration4.TestExports" name="test_export_requires_auth" time="0.002" /><testcase classname="backend.tests.test_iteration4.TestExports" name="test_export_invalid_format" time="0.003" /></testsuite></testsuites>