<?xml version="1.0" encoding="utf-8"?><testsuites name="pytest tests"><testsuite name="pytest" errors="0" failures="0" skipped="0" tests="14" time="7.082" timestamp="2026-05-29T22:45:37.171917+00:00" hostname="agent-env-04fa7898-71ae-45dd-84e4-d7aa3a2b4cb3"><testcase classname="backend.tests.test_iteration2.TestFiles" name="test_upload_png_ok" time="0.721" /><testcase classname="backend.tests.test_iteration2.TestFiles" name="test_get_metadata" time="0.126" /><testcase classname="backend.tests.test_iteration2.TestFiles" name="test_download_with_query_token" time="0.272" /><testcase classname="backend.tests.test_iteration2.TestFiles" name="test_download_with_bearer_header" time="0.225" /><testcase classname="backend.tests.test_iteration2.TestFiles" name="test_download_unauthorized" time="0.168" /><testcase classname="backend.tests.test_iteration2.TestFiles" name="test_reject_bad_mime" time="0.130" /><testcase classname="backend.tests.test_iteration2.TestFiles" name="test_reject_too_large" time="0.474" /><testcase classname="backend.tests.test_iteration2.TestFiles" name="test_soft_delete" time="0.639" /><testcase classname="backend.tests.test_iteration2.TestTxWithFileAndAudit" name="test_create_tx_with_file_id_and_stamps" time="1.283" /><testcase classname="backend.tests.test_iteration2.TestReimbursementStatus" name="test_status_pending_then_reimbursed" time="1.558" /><testcase classname="backend.tests.test_iteration2.TestAuditOtherEntities" name="test_project_audit_full_lifecycle" time="0.666" /><testcase classname="backend.tests.test_iteration2.TestAuditOtherEntities" name="test_dividend_audit" time="0.415" /><testcase classname="backend.tests.test_iteration2.TestAuditEndpoint" name="test_sorted_desc_and_filters" time="0.214" /><testcase classname="backend.tests.test_iteration2.TestAuditEndpoint" name="test_requires_auth" time="0.100" /></testsuite></testsuites>