<?xml version="1.0" encoding="utf-8"?><testsuites name="pytest tests"><testsuite name="pytest" errors="0" failures="0" skipped="0" tests="13" time="5.286" timestamp="2026-06-08T23:49:35.708072+00:00" hostname="agent-env-06a62b95-ef49-4e21-85bb-bc742c358f5e"><testcase classname="backend.tests.test_iteration11_operations_recurring.TestRecurringDetection" name="test_response_shape" time="0.448" /><testcase classname="backend.tests.test_iteration11_operations_recurring.TestRecurringDetection" name="test_monthly_detection" time="0.374" /><testcase classname="backend.tests.test_iteration11_operations_recurring.TestRecurringDetection" name="test_bimonthly_detection" time="0.239" /><testcase classname="backend.tests.test_iteration11_operations_recurring.TestRecurringDetection" name="test_irregular_detection" time="0.196" /><testcase classname="backend.tests.test_iteration11_operations_recurring.TestStatusBuckets" name="test_status_overdue" time="0.204" /><testcase classname="backend.tests.test_iteration11_operations_recurring.TestStatusBuckets" name="test_status_due" time="0.196" /><testcase classname="backend.tests.test_iteration11_operations_recurring.TestStatusBuckets" name="test_status_upcoming" time="0.198" /><testcase classname="backend.tests.test_iteration11_operations_recurring.TestStatusBuckets" name="test_status_on_track" time="0.194" /><testcase classname="backend.tests.test_iteration11_operations_recurring.TestFilters" name="test_ignores_paid_personally" time="0.202" /><testcase classname="backend.tests.test_iteration11_operations_recurring.TestFilters" name="test_ignores_project_expenses" time="0.245" /><testcase classname="backend.tests.test_iteration11_operations_recurring.TestTotalsAndSort" name="test_total_monthly_estimate_includes_only_recurring" time="0.455" /><testcase classname="backend.tests.test_iteration11_operations_recurring.TestTotalsAndSort" name="test_sort_order" time="0.058" /><testcase classname="backend.tests.test_iteration11_operations_recurring.TestDeletedProvider" name="test_orphan_provider_id_shows_placeholder" time="2.216" /></testsuite></testsuites>