<?xml version="1.0" encoding="utf-8"?><testsuites name="pytest tests"><testsuite name="pytest" errors="0" failures="0" skipped="0" tests="12" time="5.775" timestamp="2026-05-28T20:36:26.570731+00:00" hostname="agent-env-04fa7898-71ae-45dd-84e4-d7aa3a2b4cb3"><testcase classname="backend.tests.backend_test.TestAuth" name="test_login_valid" time="0.392" /><testcase classname="backend.tests.backend_test.TestAuth" name="test_login_invalid" time="0.277" /><testcase classname="backend.tests.backend_test.TestAuth" name="test_me_with_bearer" time="0.320" /><testcase classname="backend.tests.backend_test.TestAuth" name="test_me_without_token" time="0.157" /><testcase classname="backend.tests.backend_test.TestAuth" name="test_logout" time="0.053" /><testcase classname="backend.tests.backend_test.TestPartners" name="test_list_partners_count" time="0.056" /><testcase classname="backend.tests.backend_test.TestProjects" name="test_project_crud" time="0.695" /><testcase classname="backend.tests.backend_test.TestProjects" name="test_project_pnl" time="0.700" /><testcase classname="backend.tests.backend_test.TestTransactions" name="test_create_and_filters" time="1.067" /><testcase classname="backend.tests.backend_test.TestDividends" name="test_dividend_crud" time="0.586" /><testcase classname="backend.tests.backend_test.TestDashboardAndPortal" name="test_dashboard_summary_math" time="0.629" /><testcase classname="backend.tests.backend_test.TestDashboardAndPortal" name="test_portal_3333_math" time="0.667" /></testsuite></testsuites>