<?xml version="1.0" encoding="utf-8"?><testsuites name="pytest tests"><testsuite name="pytest" errors="0" failures="0" skipped="0" tests="5" time="1.645" timestamp="2026-06-03T18:22:39.065413+00:00" hostname="agent-env-04fa7898-71ae-45dd-84e4-d7aa3a2b4cb3"><testcase classname="backend.tests.test_settings_iter6.TestSettingsCatalogs" name="test_list_catalogs" time="0.485" /><testcase classname="backend.tests.test_settings_iter6.TestSettingsCatalogs" name="test_get_by_key_income" time="0.060" /><testcase classname="backend.tests.test_settings_iter6.TestSettingsCatalogs" name="test_get_by_key_invalid" time="0.306" /><testcase classname="backend.tests.test_settings_iter6.TestSettingsCatalogs" name="test_put_catalog_round_trip" time="0.304" /><testcase classname="backend.tests.test_settings_iter6.TestDeletePersonallyPaidLock" name="test_create_personal_expense_then_delete_blocked_then_unlocked" time="0.419" /></testsuite></testsuites>