<?xml version="1.0" encoding="utf-8"?><testsuites name="pytest tests"><testsuite name="pytest" errors="0" failures="0" skipped="0" tests="8" time="6.579" timestamp="2026-06-01T19:01:22.803528+00:00" hostname="agent-env-04fa7898-71ae-45dd-84e4-d7aa3a2b4cb3"><testcase classname="backend.tests.test_iteration3.TestClients" name="test_create_get_update_delete_client" time="1.733" /><testcase classname="backend.tests.test_iteration3.TestClients" name="test_search_filter" time="0.584" /><testcase classname="backend.tests.test_iteration3.TestClients" name="test_delete_in_use_returns_409" time="0.692" /><testcase classname="backend.tests.test_iteration3.TestProviders" name="test_crud_with_category" time="0.609" /><testcase classname="backend.tests.test_iteration3.TestProviders" name="test_delete_in_use_returns_409" time="0.580" /><testcase classname="backend.tests.test_iteration3.TestTransactionsLinks" name="test_income_with_client_and_put_update" time="0.945" /><testcase classname="backend.tests.test_iteration3.TestTransactionsLinks" name="test_expense_with_provider" time="0.455" /><testcase classname="backend.tests.test_iteration3.TestProjectUpdate" name="test_put_project_updates_fields_and_audit" time="0.889" /></testsuite></testsuites>