<?xml version="1.0" encoding="utf-8"?><testsuites name="pytest tests"><testsuite name="pytest" errors="0" failures="0" skipped="0" tests="6" time="2.637" timestamp="2026-06-03T20:35:20.007155+00:00" hostname="agent-env-04fa7898-71ae-45dd-84e4-d7aa3a2b4cb3"><testcase classname="backend.tests.test_iteration7" name="test_default_project_statuses" time="0.655" /><testcase classname="backend.tests.test_iteration7" name="test_catalogs_list_includes_project_statuses" time="0.198" /><testcase classname="backend.tests.test_iteration7" name="test_put_project_statuses_add_color_and_restore" time="0.385" /><testcase classname="backend.tests.test_iteration7" name="test_change_color_and_restore" time="0.372" /><testcase classname="backend.tests.test_iteration7" name="test_upload_two_files_and_attach_to_project" time="0.769" /><testcase classname="backend.tests.test_iteration7" name="test_invalid_catalog_key_rejected" time="0.179" /></testsuite></testsuites>